<?xml version="1.0" encoding="UTF-8"?>
<testng-results ignored="0" total="1" passed="1" failed="0" skipped="0">
  <reporter-output>
  </reporter-output>
  <suite started-at="2022-04-22T21:45:16 IST" name="Suite" finished-at="2022-04-22T21:45:29 IST" duration-ms="12796">
    <groups>
    </groups>
    <test started-at="2022-04-22T21:45:16 IST" name="Test" finished-at="2022-04-22T21:45:29 IST" duration-ms="12796">
      <class name="Academy.E2EProject.HomePage">
        <test-method is-config="true" signature="initialize()[pri:0, instance:Academy.E2EProject.HomePage@4f209819]" started-at="2022-04-22T21:45:16 IST" name="initialize" finished-at="2022-04-22T21:45:24 IST" duration-ms="8183" status="PASS">
          <reporter-output>
          </reporter-output>
        </test-method> <!-- initialize -->
        <test-method signature="basePageNavigation(java.lang.String,java.lang.String)[pri:0, instance:Academy.E2EProject.HomePage@4f209819]" started-at="2022-04-22T21:45:24 IST" name="basePageNavigation" data-provider="getData" finished-at="2022-04-22T21:45:25 IST" duration-ms="388" status="PASS">
          <params>
            <param index="0">
              <value>
                <![CDATA[subash@gmail.com]]>
              </value>
            </param>
            <param index="1">
              <value>
                <![CDATA[1234567]]>
              </value>
            </param>
          </params>
          <reporter-output>
          </reporter-output>
        </test-method> <!-- basePageNavigation -->
        <test-method is-config="true" signature="close()[pri:0, instance:Academy.E2EProject.HomePage@4f209819]" started-at="2022-04-22T21:45:25 IST" name="close" finished-at="2022-04-22T21:45:29 IST" duration-ms="4166" status="PASS">
          <reporter-output>
          </reporter-output>
        </test-method> <!-- close -->
      </class> <!-- Academy.E2EProject.HomePage -->
    </test> <!-- Test -->
  </suite> <!-- Suite -->
</testng-results>
