<?xml version="1.0" encoding="UTF-8"?>
<testng-results ignored="0" total="1" passed="1" failed="0" skipped="0">
  <reporter-output>
  </reporter-output>
  <suite started-at="2022-05-16T22:57:51 IST" name="Default suite" finished-at="2022-05-16T22:58:08 IST" duration-ms="17136">
    <groups>
    </groups>
    <test started-at="2022-05-16T22:57:51 IST" name="Default test" finished-at="2022-05-16T22:58:08 IST" duration-ms="17136">
      <class name="org.task.PriceMatch">
        <test-method signature="taskVerify()[pri:0, instance:org.task.PriceMatch@47faa49c]" started-at="2022-05-16T22:57:51 IST" name="taskVerify" finished-at="2022-05-16T22:58:08 IST" duration-ms="17103" status="PASS">
          <reporter-output>
          </reporter-output>
        </test-method> <!-- taskVerify -->
      </class> <!-- org.task.PriceMatch -->
    </test> <!-- Default test -->
  </suite> <!-- Default suite -->
</testng-results>
