<?xml version="1.0" encoding="UTF-8"?>
<testng-results ignored="0" total="1" passed="1" failed="0" skipped="0">
  <reporter-output>
  </reporter-output>
  <suite started-at="2022-05-17T17:59:25 IST" name="Default suite" finished-at="2022-05-17T17:59:35 IST" duration-ms="10675">
    <groups>
    </groups>
    <test started-at="2022-05-17T17:59:25 IST" name="Default test" finished-at="2022-05-17T17:59:35 IST" duration-ms="10675">
      <class name="org.sample.PractiseBase">
        <test-method signature="fb()[pri:0, instance:org.sample.PractiseBase@7db12bb6]" started-at="2022-05-17T17:59:25 IST" name="fb" finished-at="2022-05-17T17:59:35 IST" duration-ms="10654" status="PASS">
          <reporter-output>
          </reporter-output>
        </test-method> <!-- fb -->
      </class> <!-- org.sample.PractiseBase -->
    </test> <!-- Default test -->
  </suite> <!-- Default suite -->
</testng-results>
