<?xml version="1.0" encoding="UTF-8"?>
<testng-results ignored="0" total="2" passed="2" failed="0" skipped="0">
  <reporter-output>
  </reporter-output>
  <suite started-at="2022-05-09T14:16:00 IST" name="Suite" finished-at="2022-05-09T14:16:07 IST" duration-ms="7238">
    <groups>
    </groups>
    <test started-at="2022-05-09T14:16:00 IST" name="Test" finished-at="2022-05-09T14:16:06 IST" duration-ms="6192">
      <class name="org.base.FacebookHomepage">
        <test-method signature="tc1(java.lang.String)[pri:0, instance:org.base.FacebookHomepage@1b11171f]" started-at="2022-05-09T14:16:00 IST" name="tc1" finished-at="2022-05-09T14:16:06 IST" duration-ms="6149" status="PASS">
          <params>
            <param index="0">
              <value>
                <![CDATA[chrome]]>
              </value>
            </param>
          </params>
          <reporter-output>
          </reporter-output>
        </test-method> <!-- tc1 -->
      </class> <!-- org.base.FacebookHomepage -->
    </test> <!-- Test -->
    <test started-at="2022-05-09T14:16:00 IST" name="Test1" finished-at="2022-05-09T14:16:07 IST" duration-ms="7238">
      <class name="org.base.FacebookHomepage">
        <test-method signature="tc1(java.lang.String)[pri:0, instance:org.base.FacebookHomepage@6892b3b6]" started-at="2022-05-09T14:16:00 IST" name="tc1" finished-at="2022-05-09T14:16:07 IST" duration-ms="7201" status="PASS">
          <params>
            <param index="0">
              <value>
                <![CDATA[edge]]>
              </value>
            </param>
          </params>
          <reporter-output>
          </reporter-output>
        </test-method> <!-- tc1 -->
      </class> <!-- org.base.FacebookHomepage -->
    </test> <!-- Test1 -->
  </suite> <!-- Suite -->
</testng-results>
