<?xml version="1.0" encoding="UTF-8"?>
<testng-results ignored="0" total="1" passed="1" failed="0" skipped="0">
  <reporter-output>
  </reporter-output>
  <suite started-at="2022-05-09T14:43:17 IST" name="Default suite" finished-at="2022-05-09T14:43:34 IST" duration-ms="17705">
    <groups>
    </groups>
    <test started-at="2022-05-09T14:43:17 IST" name="Default test" finished-at="2022-05-09T14:43:34 IST" duration-ms="17705">
      <class name="org.adactin.Login">
        <test-method signature="userLogin()[pri:0, instance:org.adactin.Login@54a7079e]" started-at="2022-05-09T14:43:17 IST" name="userLogin" finished-at="2022-05-09T14:43:34 IST" duration-ms="17667" status="PASS">
          <reporter-output>
          </reporter-output>
        </test-method> <!-- userLogin -->
      </class> <!-- org.adactin.Login -->
    </test> <!-- Default test -->
  </suite> <!-- Default suite -->
</testng-results>
