<?xml version="1.0" encoding="UTF-8"?>
<testng-results ignored="0" total="1" passed="1" failed="0" skipped="0">
  <reporter-output>
  </reporter-output>
  <suite started-at="2022-04-23T19:33:34 IST" name="Default suite" finished-at="2022-04-23T19:33:41 IST" duration-ms="7564">
    <groups>
    </groups>
    <test started-at="2022-04-23T19:33:34 IST" name="Default test" finished-at="2022-04-23T19:33:41 IST" duration-ms="7564">
      <class name="Academy.E2EProject.HomePage">
        <test-method is-config="true" signature="initialize()[pri:0, instance:Academy.E2EProject.HomePage@4212a0c8]" started-at="2022-04-23T19:33:34 IST" name="initialize" finished-at="2022-04-23T19:33:41 IST" duration-ms="7091" status="PASS">
          <reporter-output>
          </reporter-output>
        </test-method> <!-- initialize -->
        <test-method signature="basePageNavigation(java.lang.String,java.lang.String)[pri:0, instance:Academy.E2EProject.HomePage@4212a0c8]" started-at="2022-04-23T19:33:41 IST" name="basePageNavigation" data-provider="getData" finished-at="2022-04-23T19:33:41 IST" duration-ms="319" status="PASS">
          <params>
            <param index="0">
              <value>
                <![CDATA[subash@gmail.com]]>
              </value>
            </param>
            <param index="1">
              <value>
                <![CDATA[1234567]]>
              </value>
            </param>
          </params>
          <reporter-output>
          </reporter-output>
        </test-method> <!-- basePageNavigation -->
        <test-method is-config="true" signature="close()[pri:0, instance:Academy.E2EProject.HomePage@4212a0c8]" started-at="2022-04-23T19:33:41 IST" name="close" finished-at="2022-04-23T19:33:41 IST" duration-ms="104" status="PASS">
          <reporter-output>
          </reporter-output>
        </test-method> <!-- close -->
      </class> <!-- Academy.E2EProject.HomePage -->
    </test> <!-- Default test -->
  </suite> <!-- Default suite -->
</testng-results>
