<?xml version="1.0" encoding="UTF-8"?>
<testng-results ignored="0" total="1" passed="1" failed="0" skipped="0">
  <reporter-output>
  </reporter-output>
  <suite started-at="2022-05-17T12:07:36 IST" name="Default suite" finished-at="2022-05-17T12:07:53 IST" duration-ms="16701">
    <groups>
    </groups>
    <test started-at="2022-05-17T12:07:36 IST" name="Default test" finished-at="2022-05-17T12:07:53 IST" duration-ms="16701">
      <class name="org.sample.AdactinAutomation">
        <test-method signature="adactinLogin()[pri:0, instance:org.sample.AdactinAutomation@273e7444]" started-at="2022-05-17T12:07:36 IST" name="adactinLogin" finished-at="2022-05-17T12:07:53 IST" duration-ms="16662" status="PASS">
          <reporter-output>
          </reporter-output>
        </test-method> <!-- adactinLogin -->
      </class> <!-- org.sample.AdactinAutomation -->
    </test> <!-- Default test -->
  </suite> <!-- Default suite -->
</testng-results>
